2025-06-29 00:34:28.663 +03:00 [INF] Starting Inventory application...
2025-06-29 00:34:28.918 +03:00 [DBG] Creating WebApplication builder...
2025-06-29 00:34:28.953 +03:00 [DBG] Added ControllersWithViews to services...
2025-06-29 00:34:28.960 +03:00 [DBG] Added DbContext to services...
2025-06-29 00:34:29.117 +03:00 [DBG] Built WebApplication...
2025-06-29 00:34:29.120 +03:00 [DBG] Using static files...
2025-06-29 00:34:29.120 +03:00 [DBG] Using routing...
2025-06-29 00:34:29.121 +03:00 [DBG] Using authorization...
2025-06-29 00:34:29.352 +03:00 [DBG] Mapped default controller route...
2025-06-29 00:34:29.352 +03:00 [INF] Starting WebApplication...
2025-06-29 00:34:31.935 +03:00 [DBG] Configuring DbContext options...
2025-06-29 00:34:31.946 +03:00 [DBG] Using SQL Server connection string: Server=DESKTOP-IUUECT7;Database=Inventory;Integrated Security=True;TrustServerCertificate=True;
2025-06-29 00:34:34.673 +03:00 [DBG] Configuring DbContext options...
2025-06-29 00:34:34.674 +03:00 [DBG] Using SQL Server connection string: Server=DESKTOP-IUUECT7;Database=Inventory;Integrated Security=True;TrustServerCertificate=True;
2025-06-29 00:35:07.718 +03:00 [DBG] Configuring DbContext options...
2025-06-29 00:35:07.719 +03:00 [DBG] Using SQL Server connection string: Server=DESKTOP-IUUECT7;Database=Inventory;Integrated Security=True;TrustServerCertificate=True;
2025-06-29 00:35:16.166 +03:00 [DBG] Configuring DbContext options...
2025-06-29 00:35:16.167 +03:00 [DBG] Using SQL Server connection string: Server=DESKTOP-IUUECT7;Database=Inventory;Integrated Security=True;TrustServerCertificate=True;
2025-06-29 00:35:41.626 +03:00 [DBG] Configuring DbContext options...
2025-06-29 00:35:41.626 +03:00 [DBG] Using SQL Server connection string: Server=DESKTOP-IUUECT7;Database=Inventory;Integrated Security=True;TrustServerCertificate=True;
