2025-06-29 01:45:30.308 +03:00 [INF] Starting Inventory application...
2025-06-29 01:45:30.581 +03:00 [DBG] Creating WebApplication builder...
2025-06-29 01:45:30.616 +03:00 [DBG] Added ControllersWithViews to services...
2025-06-29 01:45:30.619 +03:00 [DBG] Added DbContext to services...
2025-06-29 01:45:30.732 +03:00 [DBG] Built WebApplication...
2025-06-29 01:45:30.734 +03:00 [DBG] Using static files...
2025-06-29 01:45:30.734 +03:00 [DBG] Using routing...
2025-06-29 01:45:30.735 +03:00 [DBG] Using authorization...
2025-06-29 01:45:30.851 +03:00 [DBG] Mapped default controller route...
2025-06-29 01:45:30.851 +03:00 [INF] Starting WebApplication...
2025-06-29 01:45:31.376 +03:00 [DBG] Configuring DbContext options...
2025-06-29 01:45:31.390 +03:00 [DBG] Using SQL Server connection string: Server=DESKTOP-IUUECT7;Database=Inventory;Integrated Security=True;TrustServerCertificate=True;
2025-06-29 01:45:54.040 +03:00 [DBG] Configuring DbContext options...
2025-06-29 01:45:54.040 +03:00 [DBG] Using SQL Server connection string: Server=DESKTOP-IUUECT7;Database=Inventory;Integrated Security=True;TrustServerCertificate=True;
2025-06-29 01:46:07.455 +03:00 [DBG] Configuring DbContext options...
2025-06-29 01:46:07.455 +03:00 [DBG] Using SQL Server connection string: Server=DESKTOP-IUUECT7;Database=Inventory;Integrated Security=True;TrustServerCertificate=True;
2025-06-29 01:46:07.737 +03:00 [DBG] Configuring DbContext options...
2025-06-29 01:46:07.738 +03:00 [DBG] Using SQL Server connection string: Server=DESKTOP-IUUECT7;Database=Inventory;Integrated Security=True;TrustServerCertificate=True;
2025-06-29 01:46:09.575 +03:00 [DBG] Configuring DbContext options...
2025-06-29 01:46:09.576 +03:00 [DBG] Using SQL Server connection string: Server=DESKTOP-IUUECT7;Database=Inventory;Integrated Security=True;TrustServerCertificate=True;
2025-06-29 01:48:09.423 +03:00 [DBG] Configuring DbContext options...
2025-06-29 01:48:09.423 +03:00 [DBG] Using SQL Server connection string: Server=DESKTOP-IUUECT7;Database=Inventory;Integrated Security=True;TrustServerCertificate=True;
2025-06-29 01:48:11.073 +03:00 [DBG] Configuring DbContext options...
2025-06-29 01:48:11.073 +03:00 [DBG] Using SQL Server connection string: Server=DESKTOP-IUUECT7;Database=Inventory;Integrated Security=True;TrustServerCertificate=True;
2025-06-29 01:48:22.874 +03:00 [DBG] Configuring DbContext options...
2025-06-29 01:48:22.875 +03:00 [DBG] Using SQL Server connection string: Server=DESKTOP-IUUECT7;Database=Inventory;Integrated Security=True;TrustServerCertificate=True;
