2025-06-29 00:54:36.520 +03:00 [INF] Starting Inventory application...
2025-06-29 00:54:39.657 +03:00 [DBG] Creating WebApplication builder...
2025-06-29 00:54:39.990 +03:00 [DBG] Added ControllersWithViews to services...
2025-06-29 00:54:39.997 +03:00 [DBG] Added DbContext to services...
2025-06-29 00:54:40.185 +03:00 [DBG] Built WebApplication...
2025-06-29 00:54:40.202 +03:00 [DBG] Using static files...
2025-06-29 00:54:40.211 +03:00 [DBG] Using routing...
2025-06-29 00:54:40.212 +03:00 [DBG] Using authorization...
2025-06-29 00:54:40.432 +03:00 [DBG] Mapped default controller route...
2025-06-29 00:54:40.432 +03:00 [INF] Starting WebApplication...
2025-06-29 00:54:41.157 +03:00 [DBG] Configuring DbContext options...
2025-06-29 00:54:41.181 +03:00 [DBG] Using SQL Server connection string: Server=DESKTOP-IUUECT7;Database=Inventory;Integrated Security=True;TrustServerCertificate=True;
2025-06-29 00:54:51.390 +03:00 [DBG] Configuring DbContext options...
2025-06-29 00:54:51.390 +03:00 [DBG] Using SQL Server connection string: Server=DESKTOP-IUUECT7;Database=Inventory;Integrated Security=True;TrustServerCertificate=True;
2025-06-29 00:54:53.670 +03:00 [DBG] Configuring DbContext options...
2025-06-29 00:54:53.670 +03:00 [DBG] Using SQL Server connection string: Server=DESKTOP-IUUECT7;Database=Inventory;Integrated Security=True;TrustServerCertificate=True;
2025-06-29 00:54:56.455 +03:00 [DBG] Configuring DbContext options...
2025-06-29 00:54:56.456 +03:00 [DBG] Using SQL Server connection string: Server=DESKTOP-IUUECT7;Database=Inventory;Integrated Security=True;TrustServerCertificate=True;
2025-06-29 00:54:57.875 +03:00 [DBG] Configuring DbContext options...
2025-06-29 00:54:57.879 +03:00 [DBG] Using SQL Server connection string: Server=DESKTOP-IUUECT7;Database=Inventory;Integrated Security=True;TrustServerCertificate=True;
2025-06-29 00:55:02.107 +03:00 [DBG] Configuring DbContext options...
2025-06-29 00:55:02.109 +03:00 [DBG] Using SQL Server connection string: Server=DESKTOP-IUUECT7;Database=Inventory;Integrated Security=True;TrustServerCertificate=True;
2025-06-29 00:55:44.394 +03:00 [DBG] Configuring DbContext options...
2025-06-29 00:55:44.394 +03:00 [DBG] Using SQL Server connection string: Server=DESKTOP-IUUECT7;Database=Inventory;Integrated Security=True;TrustServerCertificate=True;
2025-06-29 00:58:18.162 +03:00 [DBG] Configuring DbContext options...
2025-06-29 00:58:18.162 +03:00 [DBG] Using SQL Server connection string: Server=DESKTOP-IUUECT7;Database=Inventory;Integrated Security=True;TrustServerCertificate=True;
