2025-06-29 01:01:46.858 +03:00 [INF] Starting Inventory application...
2025-06-29 01:01:47.121 +03:00 [DBG] Creating WebApplication builder...
2025-06-29 01:01:47.167 +03:00 [DBG] Added ControllersWithViews to services...
2025-06-29 01:01:47.172 +03:00 [DBG] Added DbContext to services...
2025-06-29 01:01:47.304 +03:00 [DBG] Built WebApplication...
2025-06-29 01:01:47.308 +03:00 [DBG] Using static files...
2025-06-29 01:01:47.309 +03:00 [DBG] Using routing...
2025-06-29 01:01:47.309 +03:00 [DBG] Using authorization...
2025-06-29 01:01:47.459 +03:00 [DBG] Mapped default controller route...
2025-06-29 01:01:47.459 +03:00 [INF] Starting WebApplication...
2025-06-29 01:01:49.640 +03:00 [DBG] Configuring DbContext options...
2025-06-29 01:01:49.651 +03:00 [DBG] Using SQL Server connection string: Server=DESKTOP-IUUECT7;Database=Inventory;Integrated Security=True;TrustServerCertificate=True;
2025-06-29 01:01:54.011 +03:00 [DBG] Configuring DbContext options...
2025-06-29 01:01:54.011 +03:00 [DBG] Using SQL Server connection string: Server=DESKTOP-IUUECT7;Database=Inventory;Integrated Security=True;TrustServerCertificate=True;
2025-06-29 01:01:58.606 +03:00 [DBG] Configuring DbContext options...
2025-06-29 01:01:58.610 +03:00 [DBG] Using SQL Server connection string: Server=DESKTOP-IUUECT7;Database=Inventory;Integrated Security=True;TrustServerCertificate=True;
2025-06-29 01:01:59.812 +03:00 [DBG] Configuring DbContext options...
2025-06-29 01:01:59.812 +03:00 [DBG] Using SQL Server connection string: Server=DESKTOP-IUUECT7;Database=Inventory;Integrated Security=True;TrustServerCertificate=True;
2025-06-29 01:02:02.954 +03:00 [DBG] Configuring DbContext options...
2025-06-29 01:02:02.954 +03:00 [DBG] Using SQL Server connection string: Server=DESKTOP-IUUECT7;Database=Inventory;Integrated Security=True;TrustServerCertificate=True;
