2025-06-29 02:09:28.204 +03:00 [INF] Starting Inventory application...
2025-06-29 02:09:28.787 +03:00 [DBG] Creating WebApplication builder...
2025-06-29 02:09:28.865 +03:00 [DBG] Added ControllersWithViews to services...
2025-06-29 02:09:28.872 +03:00 [DBG] Added DbContext to services...
2025-06-29 02:09:29.056 +03:00 [DBG] Built WebApplication...
2025-06-29 02:09:29.165 +03:00 [DBG] Using static files...
2025-06-29 02:09:29.166 +03:00 [DBG] Using routing...
2025-06-29 02:09:29.167 +03:00 [DBG] Using authorization...
2025-06-29 02:09:29.382 +03:00 [DBG] Mapped default controller route...
2025-06-29 02:09:29.382 +03:00 [INF] Starting WebApplication...
2025-06-29 02:09:30.334 +03:00 [DBG] Configuring DbContext options...
2025-06-29 02:09:30.334 +03:00 [DBG] Configuring DbContext options...
2025-06-29 02:09:30.369 +03:00 [DBG] Using SQL Server connection string: Server=DESKTOP-IUUECT7;Database=Inventory;Integrated Security=True;TrustServerCertificate=True;
2025-06-29 02:09:30.369 +03:00 [DBG] Using SQL Server connection string: Server=DESKTOP-IUUECT7;Database=Inventory;Integrated Security=True;TrustServerCertificate=True;
2025-06-29 02:09:34.035 +03:00 [DBG] Configuring DbContext options...
2025-06-29 02:09:34.035 +03:00 [DBG] Using SQL Server connection string: Server=DESKTOP-IUUECT7;Database=Inventory;Integrated Security=True;TrustServerCertificate=True;
2025-06-29 02:10:03.047 +03:00 [DBG] Configuring DbContext options...
2025-06-29 02:10:03.048 +03:00 [DBG] Using SQL Server connection string: Server=DESKTOP-IUUECT7;Database=Inventory;Integrated Security=True;TrustServerCertificate=True;
2025-06-29 02:10:30.172 +03:00 [DBG] Configuring DbContext options...
2025-06-29 02:10:30.173 +03:00 [DBG] Using SQL Server connection string: Server=DESKTOP-IUUECT7;Database=Inventory;Integrated Security=True;TrustServerCertificate=True;
2025-06-29 02:10:39.983 +03:00 [DBG] Configuring DbContext options...
2025-06-29 02:10:39.983 +03:00 [DBG] Using SQL Server connection string: Server=DESKTOP-IUUECT7;Database=Inventory;Integrated Security=True;TrustServerCertificate=True;
