2025-06-29 01:24:20.796 +03:00 [INF] Starting Inventory application...
2025-06-29 01:24:21.885 +03:00 [DBG] Creating WebApplication builder...
2025-06-29 01:24:21.970 +03:00 [DBG] Added ControllersWithViews to services...
2025-06-29 01:24:21.976 +03:00 [DBG] Added DbContext to services...
2025-06-29 01:24:22.128 +03:00 [DBG] Built WebApplication...
2025-06-29 01:24:22.130 +03:00 [DBG] Using static files...
2025-06-29 01:24:22.131 +03:00 [DBG] Using routing...
2025-06-29 01:24:22.132 +03:00 [DBG] Using authorization...
2025-06-29 01:24:22.255 +03:00 [DBG] Mapped default controller route...
2025-06-29 01:24:22.255 +03:00 [INF] Starting WebApplication...
2025-06-29 01:24:24.521 +03:00 [DBG] Configuring DbContext options...
2025-06-29 01:24:24.533 +03:00 [DBG] Using SQL Server connection string: Server=DESKTOP-IUUECT7;Database=Inventory;Integrated Security=True;TrustServerCertificate=True;
2025-06-29 01:24:27.853 +03:00 [DBG] Configuring DbContext options...
2025-06-29 01:24:27.854 +03:00 [DBG] Using SQL Server connection string: Server=DESKTOP-IUUECT7;Database=Inventory;Integrated Security=True;TrustServerCertificate=True;
2025-06-29 01:24:29.314 +03:00 [DBG] Configuring DbContext options...
2025-06-29 01:24:29.315 +03:00 [DBG] Using SQL Server connection string: Server=DESKTOP-IUUECT7;Database=Inventory;Integrated Security=True;TrustServerCertificate=True;
2025-06-29 01:25:28.698 +03:00 [DBG] Configuring DbContext options...
2025-06-29 01:25:28.698 +03:00 [DBG] Using SQL Server connection string: Server=DESKTOP-IUUECT7;Database=Inventory;Integrated Security=True;TrustServerCertificate=True;
2025-06-29 01:29:31.618 +03:00 [DBG] Configuring DbContext options...
2025-06-29 01:29:31.619 +03:00 [DBG] Using SQL Server connection string: Server=DESKTOP-IUUECT7;Database=Inventory;Integrated Security=True;TrustServerCertificate=True;
2025-06-29 01:30:34.014 +03:00 [DBG] Configuring DbContext options...
2025-06-29 01:30:34.014 +03:00 [DBG] Using SQL Server connection string: Server=DESKTOP-IUUECT7;Database=Inventory;Integrated Security=True;TrustServerCertificate=True;
2025-06-29 01:31:00.363 +03:00 [DBG] Configuring DbContext options...
2025-06-29 01:31:00.363 +03:00 [DBG] Using SQL Server connection string: Server=DESKTOP-IUUECT7;Database=Inventory;Integrated Security=True;TrustServerCertificate=True;
