2025-06-29 01:04:35.455 +03:00 [INF] Starting Inventory application...
2025-06-29 01:04:35.715 +03:00 [DBG] Creating WebApplication builder...
2025-06-29 01:04:35.757 +03:00 [DBG] Added ControllersWithViews to services...
2025-06-29 01:04:35.763 +03:00 [DBG] Added DbContext to services...
2025-06-29 01:04:36.131 +03:00 [DBG] Built WebApplication...
2025-06-29 01:04:36.184 +03:00 [DBG] Using static files...
2025-06-29 01:04:36.185 +03:00 [DBG] Using routing...
2025-06-29 01:04:36.186 +03:00 [DBG] Using authorization...
2025-06-29 01:04:36.408 +03:00 [DBG] Mapped default controller route...
2025-06-29 01:04:36.408 +03:00 [INF] Starting WebApplication...
2025-06-29 01:04:39.819 +03:00 [DBG] Configuring DbContext options...
2025-06-29 01:04:40.024 +03:00 [DBG] Using SQL Server connection string: Server=DESKTOP-IUUECT7;Database=Inventory;Integrated Security=True;TrustServerCertificate=True;
2025-06-29 01:04:46.859 +03:00 [DBG] Configuring DbContext options...
2025-06-29 01:04:46.859 +03:00 [DBG] Using SQL Server connection string: Server=DESKTOP-IUUECT7;Database=Inventory;Integrated Security=True;TrustServerCertificate=True;
2025-06-29 01:04:51.403 +03:00 [DBG] Configuring DbContext options...
2025-06-29 01:04:51.403 +03:00 [DBG] Using SQL Server connection string: Server=DESKTOP-IUUECT7;Database=Inventory;Integrated Security=True;TrustServerCertificate=True;
2025-06-29 01:04:53.263 +03:00 [DBG] Configuring DbContext options...
2025-06-29 01:04:53.263 +03:00 [DBG] Using SQL Server connection string: Server=DESKTOP-IUUECT7;Database=Inventory;Integrated Security=True;TrustServerCertificate=True;
2025-06-29 01:05:00.144 +03:00 [DBG] Configuring DbContext options...
2025-06-29 01:05:00.145 +03:00 [DBG] Using SQL Server connection string: Server=DESKTOP-IUUECT7;Database=Inventory;Integrated Security=True;TrustServerCertificate=True;
2025-06-29 01:05:19.765 +03:00 [DBG] Configuring DbContext options...
2025-06-29 01:05:19.766 +03:00 [DBG] Using SQL Server connection string: Server=DESKTOP-IUUECT7;Database=Inventory;Integrated Security=True;TrustServerCertificate=True;
2025-06-29 01:05:29.804 +03:00 [DBG] Configuring DbContext options...
2025-06-29 01:05:29.804 +03:00 [DBG] Using SQL Server connection string: Server=DESKTOP-IUUECT7;Database=Inventory;Integrated Security=True;TrustServerCertificate=True;
2025-06-29 01:06:18.531 +03:00 [DBG] Configuring DbContext options...
2025-06-29 01:06:18.531 +03:00 [DBG] Using SQL Server connection string: Server=DESKTOP-IUUECT7;Database=Inventory;Integrated Security=True;TrustServerCertificate=True;
2025-06-29 01:06:20.390 +03:00 [DBG] Configuring DbContext options...
2025-06-29 01:06:20.390 +03:00 [DBG] Using SQL Server connection string: Server=DESKTOP-IUUECT7;Database=Inventory;Integrated Security=True;TrustServerCertificate=True;
2025-06-29 01:06:27.317 +03:00 [DBG] Configuring DbContext options...
2025-06-29 01:06:27.318 +03:00 [DBG] Using SQL Server connection string: Server=DESKTOP-IUUECT7;Database=Inventory;Integrated Security=True;TrustServerCertificate=True;
2025-06-29 01:06:27.535 +03:00 [DBG] Configuring DbContext options...
2025-06-29 01:06:27.535 +03:00 [DBG] Using SQL Server connection string: Server=DESKTOP-IUUECT7;Database=Inventory;Integrated Security=True;TrustServerCertificate=True;
2025-06-29 01:06:30.009 +03:00 [DBG] Configuring DbContext options...
2025-06-29 01:06:30.009 +03:00 [DBG] Using SQL Server connection string: Server=DESKTOP-IUUECT7;Database=Inventory;Integrated Security=True;TrustServerCertificate=True;
2025-06-29 01:06:31.209 +03:00 [DBG] Configuring DbContext options...
2025-06-29 01:06:31.209 +03:00 [DBG] Using SQL Server connection string: Server=DESKTOP-IUUECT7;Database=Inventory;Integrated Security=True;TrustServerCertificate=True;
2025-06-29 01:06:32.144 +03:00 [DBG] Configuring DbContext options...
2025-06-29 01:06:32.145 +03:00 [DBG] Using SQL Server connection string: Server=DESKTOP-IUUECT7;Database=Inventory;Integrated Security=True;TrustServerCertificate=True;
2025-06-29 01:06:36.331 +03:00 [DBG] Configuring DbContext options...
2025-06-29 01:06:36.332 +03:00 [DBG] Using SQL Server connection string: Server=DESKTOP-IUUECT7;Database=Inventory;Integrated Security=True;TrustServerCertificate=True;
2025-06-29 01:06:36.355 +03:00 [DBG] Configuring DbContext options...
2025-06-29 01:06:36.355 +03:00 [DBG] Using SQL Server connection string: Server=DESKTOP-IUUECT7;Database=Inventory;Integrated Security=True;TrustServerCertificate=True;
2025-06-29 01:06:42.259 +03:00 [DBG] Configuring DbContext options...
2025-06-29 01:06:42.259 +03:00 [DBG] Using SQL Server connection string: Server=DESKTOP-IUUECT7;Database=Inventory;Integrated Security=True;TrustServerCertificate=True;
2025-06-29 01:06:47.653 +03:00 [DBG] Configuring DbContext options...
2025-06-29 01:06:47.654 +03:00 [DBG] Using SQL Server connection string: Server=DESKTOP-IUUECT7;Database=Inventory;Integrated Security=True;TrustServerCertificate=True;
2025-06-29 01:06:47.720 +03:00 [DBG] Configuring DbContext options...
2025-06-29 01:06:47.720 +03:00 [DBG] Using SQL Server connection string: Server=DESKTOP-IUUECT7;Database=Inventory;Integrated Security=True;TrustServerCertificate=True;
2025-06-29 01:06:50.504 +03:00 [DBG] Configuring DbContext options...
2025-06-29 01:06:50.505 +03:00 [DBG] Using SQL Server connection string: Server=DESKTOP-IUUECT7;Database=Inventory;Integrated Security=True;TrustServerCertificate=True;
2025-06-29 01:06:56.461 +03:00 [DBG] Configuring DbContext options...
2025-06-29 01:06:56.461 +03:00 [DBG] Using SQL Server connection string: Server=DESKTOP-IUUECT7;Database=Inventory;Integrated Security=True;TrustServerCertificate=True;
2025-06-29 01:08:37.892 +03:00 [DBG] Configuring DbContext options...
2025-06-29 01:08:37.892 +03:00 [DBG] Using SQL Server connection string: Server=DESKTOP-IUUECT7;Database=Inventory;Integrated Security=True;TrustServerCertificate=True;
