2025-06-29 02:45:55.773 +03:00 [INF] Starting Inventory application...
2025-06-29 02:45:57.580 +03:00 [DBG] Creating WebApplication builder...
2025-06-29 02:45:57.939 +03:00 [DBG] Added ControllersWithViews to services...
2025-06-29 02:45:57.945 +03:00 [DBG] Added DbContext to services...
2025-06-29 02:45:58.201 +03:00 [DBG] Built WebApplication...
2025-06-29 02:45:58.217 +03:00 [DBG] Using static files...
2025-06-29 02:45:58.218 +03:00 [DBG] Using routing...
2025-06-29 02:45:58.219 +03:00 [DBG] Using authorization...
2025-06-29 02:45:58.451 +03:00 [DBG] Mapped default controller route...
2025-06-29 02:45:58.451 +03:00 [INF] Starting WebApplication...
2025-06-29 02:46:09.014 +03:00 [DBG] Configuring DbContext options...
2025-06-29 02:46:09.048 +03:00 [DBG] Using SQL Server connection string: Server=DESKTOP-IUUECT7;Database=Inventory;Integrated Security=True;TrustServerCertificate=True;
2025-06-29 02:46:12.389 +03:00 [DBG] Configuring DbContext options...
2025-06-29 02:46:12.389 +03:00 [DBG] Using SQL Server connection string: Server=DESKTOP-IUUECT7;Database=Inventory;Integrated Security=True;TrustServerCertificate=True;
2025-06-29 02:46:28.509 +03:00 [DBG] Configuring DbContext options...
2025-06-29 02:46:28.509 +03:00 [DBG] Using SQL Server connection string: Server=DESKTOP-IUUECT7;Database=Inventory;Integrated Security=True;TrustServerCertificate=True;
2025-06-29 02:46:29.745 +03:00 [DBG] Configuring DbContext options...
2025-06-29 02:46:29.745 +03:00 [DBG] Using SQL Server connection string: Server=DESKTOP-IUUECT7;Database=Inventory;Integrated Security=True;TrustServerCertificate=True;
2025-06-29 02:46:31.140 +03:00 [DBG] Configuring DbContext options...
2025-06-29 02:46:31.140 +03:00 [DBG] Using SQL Server connection string: Server=DESKTOP-IUUECT7;Database=Inventory;Integrated Security=True;TrustServerCertificate=True;
2025-06-29 02:46:41.976 +03:00 [DBG] Configuring DbContext options...
2025-06-29 02:46:41.976 +03:00 [DBG] Using SQL Server connection string: Server=DESKTOP-IUUECT7;Database=Inventory;Integrated Security=True;TrustServerCertificate=True;
2025-06-29 02:46:42.344 +03:00 [DBG] Configuring DbContext options...
2025-06-29 02:46:42.345 +03:00 [DBG] Using SQL Server connection string: Server=DESKTOP-IUUECT7;Database=Inventory;Integrated Security=True;TrustServerCertificate=True;
2025-06-29 02:46:43.987 +03:00 [DBG] Configuring DbContext options...
2025-06-29 02:46:43.988 +03:00 [DBG] Using SQL Server connection string: Server=DESKTOP-IUUECT7;Database=Inventory;Integrated Security=True;TrustServerCertificate=True;
2025-06-29 02:46:55.156 +03:00 [DBG] Configuring DbContext options...
2025-06-29 02:46:55.157 +03:00 [DBG] Using SQL Server connection string: Server=DESKTOP-IUUECT7;Database=Inventory;Integrated Security=True;TrustServerCertificate=True;
2025-06-29 02:47:09.097 +03:00 [DBG] Configuring DbContext options...
2025-06-29 02:47:09.097 +03:00 [DBG] Using SQL Server connection string: Server=DESKTOP-IUUECT7;Database=Inventory;Integrated Security=True;TrustServerCertificate=True;
2025-06-29 02:49:43.388 +03:00 [DBG] Configuring DbContext options...
2025-06-29 02:49:43.388 +03:00 [DBG] Using SQL Server connection string: Server=DESKTOP-IUUECT7;Database=Inventory;Integrated Security=True;TrustServerCertificate=True;
2025-06-29 02:49:51.219 +03:00 [DBG] Configuring DbContext options...
2025-06-29 02:49:51.220 +03:00 [DBG] Using SQL Server connection string: Server=DESKTOP-IUUECT7;Database=Inventory;Integrated Security=True;TrustServerCertificate=True;
