2025-06-29 02:30:03.231 +03:00 [INF] Starting Inventory application...
2025-06-29 02:30:03.602 +03:00 [DBG] Creating WebApplication builder...
2025-06-29 02:30:03.662 +03:00 [DBG] Added ControllersWithViews to services...
2025-06-29 02:30:03.670 +03:00 [DBG] Added DbContext to services...
2025-06-29 02:30:03.959 +03:00 [DBG] Built WebApplication...
2025-06-29 02:30:04.013 +03:00 [DBG] Using static files...
2025-06-29 02:30:04.014 +03:00 [DBG] Using routing...
2025-06-29 02:30:04.014 +03:00 [DBG] Using authorization...
2025-06-29 02:30:04.168 +03:00 [DBG] Mapped default controller route...
2025-06-29 02:30:04.169 +03:00 [INF] Starting WebApplication...
2025-06-29 02:30:04.820 +03:00 [DBG] Configuring DbContext options...
2025-06-29 02:30:04.829 +03:00 [DBG] Using SQL Server connection string: Server=DESKTOP-IUUECT7;Database=Inventory;Integrated Security=True;TrustServerCertificate=True;
2025-06-29 02:30:19.664 +03:00 [DBG] Configuring DbContext options...
2025-06-29 02:30:19.665 +03:00 [DBG] Using SQL Server connection string: Server=DESKTOP-IUUECT7;Database=Inventory;Integrated Security=True;TrustServerCertificate=True;
2025-06-29 02:30:37.764 +03:00 [DBG] Configuring DbContext options...
2025-06-29 02:30:37.764 +03:00 [DBG] Using SQL Server connection string: Server=DESKTOP-IUUECT7;Database=Inventory;Integrated Security=True;TrustServerCertificate=True;
2025-06-29 02:30:45.961 +03:00 [DBG] Configuring DbContext options...
2025-06-29 02:30:45.961 +03:00 [DBG] Using SQL Server connection string: Server=DESKTOP-IUUECT7;Database=Inventory;Integrated Security=True;TrustServerCertificate=True;
2025-06-29 02:31:20.635 +03:00 [DBG] Configuring DbContext options...
2025-06-29 02:31:20.636 +03:00 [DBG] Using SQL Server connection string: Server=DESKTOP-IUUECT7;Database=Inventory;Integrated Security=True;TrustServerCertificate=True;
2025-06-29 02:31:20.970 +03:00 [DBG] Configuring DbContext options...
2025-06-29 02:31:20.970 +03:00 [DBG] Using SQL Server connection string: Server=DESKTOP-IUUECT7;Database=Inventory;Integrated Security=True;TrustServerCertificate=True;
2025-06-29 02:31:23.806 +03:00 [DBG] Configuring DbContext options...
2025-06-29 02:31:23.806 +03:00 [DBG] Using SQL Server connection string: Server=DESKTOP-IUUECT7;Database=Inventory;Integrated Security=True;TrustServerCertificate=True;
2025-06-29 02:31:27.944 +03:00 [DBG] Configuring DbContext options...
2025-06-29 02:31:27.944 +03:00 [DBG] Using SQL Server connection string: Server=DESKTOP-IUUECT7;Database=Inventory;Integrated Security=True;TrustServerCertificate=True;
2025-06-29 02:31:38.954 +03:00 [DBG] Configuring DbContext options...
2025-06-29 02:31:38.954 +03:00 [DBG] Using SQL Server connection string: Server=DESKTOP-IUUECT7;Database=Inventory;Integrated Security=True;TrustServerCertificate=True;
2025-06-29 02:31:45.214 +03:00 [DBG] Configuring DbContext options...
2025-06-29 02:31:45.214 +03:00 [DBG] Using SQL Server connection string: Server=DESKTOP-IUUECT7;Database=Inventory;Integrated Security=True;TrustServerCertificate=True;
2025-06-29 02:31:59.926 +03:00 [DBG] Configuring DbContext options...
2025-06-29 02:31:59.926 +03:00 [DBG] Using SQL Server connection string: Server=DESKTOP-IUUECT7;Database=Inventory;Integrated Security=True;TrustServerCertificate=True;
2025-06-29 02:32:06.191 +03:00 [DBG] Configuring DbContext options...
2025-06-29 02:32:06.192 +03:00 [DBG] Using SQL Server connection string: Server=DESKTOP-IUUECT7;Database=Inventory;Integrated Security=True;TrustServerCertificate=True;
2025-06-29 02:32:07.246 +03:00 [DBG] Configuring DbContext options...
2025-06-29 02:32:07.247 +03:00 [DBG] Using SQL Server connection string: Server=DESKTOP-IUUECT7;Database=Inventory;Integrated Security=True;TrustServerCertificate=True;
2025-06-29 02:32:15.604 +03:00 [DBG] Configuring DbContext options...
2025-06-29 02:32:15.605 +03:00 [DBG] Using SQL Server connection string: Server=DESKTOP-IUUECT7;Database=Inventory;Integrated Security=True;TrustServerCertificate=True;
2025-06-29 02:32:24.976 +03:00 [DBG] Configuring DbContext options...
2025-06-29 02:32:24.977 +03:00 [DBG] Using SQL Server connection string: Server=DESKTOP-IUUECT7;Database=Inventory;Integrated Security=True;TrustServerCertificate=True;
2025-06-29 02:32:25.022 +03:00 [DBG] Configuring DbContext options...
2025-06-29 02:32:25.022 +03:00 [DBG] Using SQL Server connection string: Server=DESKTOP-IUUECT7;Database=Inventory;Integrated Security=True;TrustServerCertificate=True;
2025-06-29 02:32:26.956 +03:00 [DBG] Configuring DbContext options...
2025-06-29 02:32:26.956 +03:00 [DBG] Using SQL Server connection string: Server=DESKTOP-IUUECT7;Database=Inventory;Integrated Security=True;TrustServerCertificate=True;
2025-06-29 02:32:45.495 +03:00 [DBG] Configuring DbContext options...
2025-06-29 02:32:45.495 +03:00 [DBG] Using SQL Server connection string: Server=DESKTOP-IUUECT7;Database=Inventory;Integrated Security=True;TrustServerCertificate=True;
2025-06-29 02:33:01.070 +03:00 [DBG] Configuring DbContext options...
2025-06-29 02:33:01.070 +03:00 [DBG] Using SQL Server connection string: Server=DESKTOP-IUUECT7;Database=Inventory;Integrated Security=True;TrustServerCertificate=True;
2025-06-29 02:33:46.696 +03:00 [DBG] Configuring DbContext options...
2025-06-29 02:33:46.696 +03:00 [DBG] Using SQL Server connection string: Server=DESKTOP-IUUECT7;Database=Inventory;Integrated Security=True;TrustServerCertificate=True;
