2025-06-29 02:50:08.701 +03:00 [INF] Starting Inventory application...
2025-06-29 02:50:08.961 +03:00 [DBG] Creating WebApplication builder...
2025-06-29 02:50:09.001 +03:00 [DBG] Added ControllersWithViews to services...
2025-06-29 02:50:09.005 +03:00 [DBG] Added DbContext to services...
2025-06-29 02:50:09.129 +03:00 [DBG] Built WebApplication...
2025-06-29 02:50:09.132 +03:00 [DBG] Using static files...
2025-06-29 02:50:09.132 +03:00 [DBG] Using routing...
2025-06-29 02:50:09.133 +03:00 [DBG] Using authorization...
2025-06-29 02:50:09.299 +03:00 [DBG] Mapped default controller route...
2025-06-29 02:50:09.299 +03:00 [INF] Starting WebApplication...
2025-06-29 02:50:11.738 +03:00 [DBG] Configuring DbContext options...
2025-06-29 02:50:11.752 +03:00 [DBG] Using SQL Server connection string: Server=DESKTOP-IUUECT7;Database=Inventory;Integrated Security=True;TrustServerCertificate=True;
2025-06-29 02:50:14.577 +03:00 [DBG] Configuring DbContext options...
2025-06-29 02:50:14.579 +03:00 [DBG] Using SQL Server connection string: Server=DESKTOP-IUUECT7;Database=Inventory;Integrated Security=True;TrustServerCertificate=True;
2025-06-29 02:50:16.320 +03:00 [DBG] Configuring DbContext options...
2025-06-29 02:50:16.321 +03:00 [DBG] Using SQL Server connection string: Server=DESKTOP-IUUECT7;Database=Inventory;Integrated Security=True;TrustServerCertificate=True;
2025-06-29 02:50:21.944 +03:00 [DBG] Configuring DbContext options...
2025-06-29 02:50:21.944 +03:00 [DBG] Using SQL Server connection string: Server=DESKTOP-IUUECT7;Database=Inventory;Integrated Security=True;TrustServerCertificate=True;
2025-06-29 02:50:22.214 +03:00 [DBG] Configuring DbContext options...
2025-06-29 02:50:22.214 +03:00 [DBG] Using SQL Server connection string: Server=DESKTOP-IUUECT7;Database=Inventory;Integrated Security=True;TrustServerCertificate=True;
