2025-06-29 02:52:10.635 +03:00 [INF] Starting Inventory application...
2025-06-29 02:52:10.936 +03:00 [DBG] Creating WebApplication builder...
2025-06-29 02:52:11.015 +03:00 [DBG] Added ControllersWithViews to services...
2025-06-29 02:52:11.022 +03:00 [DBG] Added DbContext to services...
2025-06-29 02:52:11.220 +03:00 [DBG] Built WebApplication...
2025-06-29 02:52:11.222 +03:00 [DBG] Using static files...
2025-06-29 02:52:11.223 +03:00 [DBG] Using routing...
2025-06-29 02:52:11.223 +03:00 [DBG] Using authorization...
2025-06-29 02:52:11.372 +03:00 [DBG] Mapped default controller route...
2025-06-29 02:52:11.372 +03:00 [INF] Starting WebApplication...
2025-06-29 02:52:11.962 +03:00 [DBG] Configuring DbContext options...
2025-06-29 02:52:11.979 +03:00 [DBG] Using SQL Server connection string: Server=DESKTOP-IUUECT7;Database=Inventory;Integrated Security=True;TrustServerCertificate=True;
2025-06-29 02:52:27.796 +03:00 [DBG] Configuring DbContext options...
2025-06-29 02:52:27.796 +03:00 [DBG] Using SQL Server connection string: Server=DESKTOP-IUUECT7;Database=Inventory;Integrated Security=True;TrustServerCertificate=True;
2025-06-29 02:52:30.561 +03:00 [DBG] Configuring DbContext options...
2025-06-29 02:52:30.562 +03:00 [DBG] Using SQL Server connection string: Server=DESKTOP-IUUECT7;Database=Inventory;Integrated Security=True;TrustServerCertificate=True;
2025-06-29 02:52:30.744 +03:00 [DBG] Configuring DbContext options...
2025-06-29 02:52:30.745 +03:00 [DBG] Using SQL Server connection string: Server=DESKTOP-IUUECT7;Database=Inventory;Integrated Security=True;TrustServerCertificate=True;
2025-06-29 02:52:31.613 +03:00 [DBG] Configuring DbContext options...
2025-06-29 02:52:31.613 +03:00 [DBG] Using SQL Server connection string: Server=DESKTOP-IUUECT7;Database=Inventory;Integrated Security=True;TrustServerCertificate=True;
2025-06-29 02:52:37.395 +03:00 [DBG] Configuring DbContext options...
2025-06-29 02:52:37.395 +03:00 [DBG] Using SQL Server connection string: Server=DESKTOP-IUUECT7;Database=Inventory;Integrated Security=True;TrustServerCertificate=True;
2025-06-29 02:52:37.492 +03:00 [DBG] Configuring DbContext options...
2025-06-29 02:52:37.492 +03:00 [DBG] Using SQL Server connection string: Server=DESKTOP-IUUECT7;Database=Inventory;Integrated Security=True;TrustServerCertificate=True;
2025-06-29 02:52:41.235 +03:00 [DBG] Configuring DbContext options...
2025-06-29 02:52:41.235 +03:00 [DBG] Using SQL Server connection string: Server=DESKTOP-IUUECT7;Database=Inventory;Integrated Security=True;TrustServerCertificate=True;
2025-06-29 02:52:45.520 +03:00 [DBG] Configuring DbContext options...
2025-06-29 02:52:45.520 +03:00 [DBG] Using SQL Server connection string: Server=DESKTOP-IUUECT7;Database=Inventory;Integrated Security=True;TrustServerCertificate=True;
2025-06-29 02:52:45.546 +03:00 [DBG] Configuring DbContext options...
2025-06-29 02:52:45.546 +03:00 [DBG] Using SQL Server connection string: Server=DESKTOP-IUUECT7;Database=Inventory;Integrated Security=True;TrustServerCertificate=True;
2025-06-29 02:52:46.643 +03:00 [DBG] Configuring DbContext options...
2025-06-29 02:52:46.643 +03:00 [DBG] Using SQL Server connection string: Server=DESKTOP-IUUECT7;Database=Inventory;Integrated Security=True;TrustServerCertificate=True;
2025-06-29 02:52:52.261 +03:00 [DBG] Configuring DbContext options...
2025-06-29 02:52:52.262 +03:00 [DBG] Using SQL Server connection string: Server=DESKTOP-IUUECT7;Database=Inventory;Integrated Security=True;TrustServerCertificate=True;
2025-06-29 02:52:54.587 +03:00 [DBG] Configuring DbContext options...
2025-06-29 02:52:54.587 +03:00 [DBG] Using SQL Server connection string: Server=DESKTOP-IUUECT7;Database=Inventory;Integrated Security=True;TrustServerCertificate=True;
2025-06-29 02:52:54.604 +03:00 [DBG] Configuring DbContext options...
2025-06-29 02:52:54.604 +03:00 [DBG] Using SQL Server connection string: Server=DESKTOP-IUUECT7;Database=Inventory;Integrated Security=True;TrustServerCertificate=True;
2025-06-29 02:52:56.208 +03:00 [DBG] Configuring DbContext options...
2025-06-29 02:52:56.209 +03:00 [DBG] Using SQL Server connection string: Server=DESKTOP-IUUECT7;Database=Inventory;Integrated Security=True;TrustServerCertificate=True;
2025-06-29 02:53:33.456 +03:00 [DBG] Configuring DbContext options...
2025-06-29 02:53:33.456 +03:00 [DBG] Using SQL Server connection string: Server=DESKTOP-IUUECT7;Database=Inventory;Integrated Security=True;TrustServerCertificate=True;
2025-06-29 02:53:34.644 +03:00 [DBG] Configuring DbContext options...
2025-06-29 02:53:34.645 +03:00 [DBG] Using SQL Server connection string: Server=DESKTOP-IUUECT7;Database=Inventory;Integrated Security=True;TrustServerCertificate=True;
2025-06-29 02:53:35.610 +03:00 [DBG] Configuring DbContext options...
2025-06-29 02:53:35.610 +03:00 [DBG] Using SQL Server connection string: Server=DESKTOP-IUUECT7;Database=Inventory;Integrated Security=True;TrustServerCertificate=True;
2025-06-29 02:53:36.595 +03:00 [DBG] Configuring DbContext options...
2025-06-29 02:53:36.595 +03:00 [DBG] Using SQL Server connection string: Server=DESKTOP-IUUECT7;Database=Inventory;Integrated Security=True;TrustServerCertificate=True;
2025-06-29 02:53:40.071 +03:00 [DBG] Configuring DbContext options...
2025-06-29 02:53:40.071 +03:00 [DBG] Using SQL Server connection string: Server=DESKTOP-IUUECT7;Database=Inventory;Integrated Security=True;TrustServerCertificate=True;
2025-06-29 02:53:40.097 +03:00 [DBG] Configuring DbContext options...
2025-06-29 02:53:40.097 +03:00 [DBG] Using SQL Server connection string: Server=DESKTOP-IUUECT7;Database=Inventory;Integrated Security=True;TrustServerCertificate=True;
2025-06-29 02:53:43.388 +03:00 [DBG] Configuring DbContext options...
2025-06-29 02:53:43.388 +03:00 [DBG] Using SQL Server connection string: Server=DESKTOP-IUUECT7;Database=Inventory;Integrated Security=True;TrustServerCertificate=True;
2025-06-29 02:53:48.449 +03:00 [DBG] Configuring DbContext options...
2025-06-29 02:53:48.450 +03:00 [DBG] Using SQL Server connection string: Server=DESKTOP-IUUECT7;Database=Inventory;Integrated Security=True;TrustServerCertificate=True;
2025-06-29 02:53:48.473 +03:00 [DBG] Configuring DbContext options...
2025-06-29 02:53:48.473 +03:00 [DBG] Using SQL Server connection string: Server=DESKTOP-IUUECT7;Database=Inventory;Integrated Security=True;TrustServerCertificate=True;
2025-06-29 02:53:49.936 +03:00 [DBG] Configuring DbContext options...
2025-06-29 02:53:49.937 +03:00 [DBG] Using SQL Server connection string: Server=DESKTOP-IUUECT7;Database=Inventory;Integrated Security=True;TrustServerCertificate=True;
2025-06-29 02:53:52.067 +03:00 [DBG] Configuring DbContext options...
2025-06-29 02:53:52.067 +03:00 [DBG] Using SQL Server connection string: Server=DESKTOP-IUUECT7;Database=Inventory;Integrated Security=True;TrustServerCertificate=True;
2025-06-29 02:53:54.554 +03:00 [DBG] Configuring DbContext options...
2025-06-29 02:53:54.555 +03:00 [DBG] Using SQL Server connection string: Server=DESKTOP-IUUECT7;Database=Inventory;Integrated Security=True;TrustServerCertificate=True;
2025-06-29 02:53:55.626 +03:00 [DBG] Configuring DbContext options...
2025-06-29 02:53:55.626 +03:00 [DBG] Using SQL Server connection string: Server=DESKTOP-IUUECT7;Database=Inventory;Integrated Security=True;TrustServerCertificate=True;
2025-06-29 02:54:00.442 +03:00 [DBG] Configuring DbContext options...
2025-06-29 02:54:00.443 +03:00 [DBG] Using SQL Server connection string: Server=DESKTOP-IUUECT7;Database=Inventory;Integrated Security=True;TrustServerCertificate=True;
2025-06-29 02:54:00.469 +03:00 [DBG] Configuring DbContext options...
2025-06-29 02:54:00.469 +03:00 [DBG] Using SQL Server connection string: Server=DESKTOP-IUUECT7;Database=Inventory;Integrated Security=True;TrustServerCertificate=True;
2025-06-29 02:54:01.716 +03:00 [DBG] Configuring DbContext options...
2025-06-29 02:54:01.716 +03:00 [DBG] Using SQL Server connection string: Server=DESKTOP-IUUECT7;Database=Inventory;Integrated Security=True;TrustServerCertificate=True;
2025-06-29 02:54:25.531 +03:00 [DBG] Configuring DbContext options...
2025-06-29 02:54:25.532 +03:00 [DBG] Using SQL Server connection string: Server=DESKTOP-IUUECT7;Database=Inventory;Integrated Security=True;TrustServerCertificate=True;
2025-06-29 02:54:26.851 +03:00 [DBG] Configuring DbContext options...
2025-06-29 02:54:26.854 +03:00 [DBG] Using SQL Server connection string: Server=DESKTOP-IUUECT7;Database=Inventory;Integrated Security=True;TrustServerCertificate=True;
2025-06-29 02:54:34.056 +03:00 [DBG] Configuring DbContext options...
2025-06-29 02:54:34.056 +03:00 [DBG] Using SQL Server connection string: Server=DESKTOP-IUUECT7;Database=Inventory;Integrated Security=True;TrustServerCertificate=True;
2025-06-29 02:54:34.113 +03:00 [DBG] Configuring DbContext options...
2025-06-29 02:54:34.113 +03:00 [DBG] Using SQL Server connection string: Server=DESKTOP-IUUECT7;Database=Inventory;Integrated Security=True;TrustServerCertificate=True;
2025-06-29 02:54:51.139 +03:00 [DBG] Configuring DbContext options...
2025-06-29 02:54:51.139 +03:00 [DBG] Using SQL Server connection string: Server=DESKTOP-IUUECT7;Database=Inventory;Integrated Security=True;TrustServerCertificate=True;
2025-06-29 02:54:58.436 +03:00 [DBG] Configuring DbContext options...
2025-06-29 02:54:58.437 +03:00 [DBG] Using SQL Server connection string: Server=DESKTOP-IUUECT7;Database=Inventory;Integrated Security=True;TrustServerCertificate=True;
2025-06-29 02:55:08.135 +03:00 [DBG] Configuring DbContext options...
2025-06-29 02:55:08.135 +03:00 [DBG] Using SQL Server connection string: Server=DESKTOP-IUUECT7;Database=Inventory;Integrated Security=True;TrustServerCertificate=True;
2025-06-29 02:55:08.148 +03:00 [DBG] Configuring DbContext options...
2025-06-29 02:55:08.148 +03:00 [DBG] Using SQL Server connection string: Server=DESKTOP-IUUECT7;Database=Inventory;Integrated Security=True;TrustServerCertificate=True;
2025-06-29 02:55:09.595 +03:00 [DBG] Configuring DbContext options...
2025-06-29 02:55:09.595 +03:00 [DBG] Using SQL Server connection string: Server=DESKTOP-IUUECT7;Database=Inventory;Integrated Security=True;TrustServerCertificate=True;
