2025-06-29 01:49:05.424 +03:00 [INF] Starting Inventory application...
2025-06-29 01:49:05.687 +03:00 [DBG] Creating WebApplication builder...
2025-06-29 01:49:05.722 +03:00 [DBG] Added ControllersWithViews to services...
2025-06-29 01:49:05.728 +03:00 [DBG] Added DbContext to services...
2025-06-29 01:49:05.844 +03:00 [DBG] Built WebApplication...
2025-06-29 01:49:05.846 +03:00 [DBG] Using static files...
2025-06-29 01:49:05.847 +03:00 [DBG] Using routing...
2025-06-29 01:49:05.847 +03:00 [DBG] Using authorization...
2025-06-29 01:49:05.986 +03:00 [DBG] Mapped default controller route...
2025-06-29 01:49:05.986 +03:00 [INF] Starting WebApplication...
2025-06-29 01:49:06.423 +03:00 [DBG] Configuring DbContext options...
2025-06-29 01:49:06.432 +03:00 [DBG] Using SQL Server connection string: Server=DESKTOP-IUUECT7;Database=Inventory;Integrated Security=True;TrustServerCertificate=True;
2025-06-29 01:49:24.379 +03:00 [DBG] Configuring DbContext options...
2025-06-29 01:49:24.380 +03:00 [DBG] Using SQL Server connection string: Server=DESKTOP-IUUECT7;Database=Inventory;Integrated Security=True;TrustServerCertificate=True;
2025-06-29 01:49:31.945 +03:00 [DBG] Configuring DbContext options...
2025-06-29 01:49:31.946 +03:00 [DBG] Using SQL Server connection string: Server=DESKTOP-IUUECT7;Database=Inventory;Integrated Security=True;TrustServerCertificate=True;
2025-06-29 01:49:57.189 +03:00 [DBG] Configuring DbContext options...
2025-06-29 01:49:57.189 +03:00 [DBG] Using SQL Server connection string: Server=DESKTOP-IUUECT7;Database=Inventory;Integrated Security=True;TrustServerCertificate=True;
2025-06-29 01:50:02.721 +03:00 [DBG] Configuring DbContext options...
2025-06-29 01:50:02.722 +03:00 [DBG] Using SQL Server connection string: Server=DESKTOP-IUUECT7;Database=Inventory;Integrated Security=True;TrustServerCertificate=True;
2025-06-29 01:50:02.790 +03:00 [DBG] Configuring DbContext options...
2025-06-29 01:50:02.791 +03:00 [DBG] Using SQL Server connection string: Server=DESKTOP-IUUECT7;Database=Inventory;Integrated Security=True;TrustServerCertificate=True;
2025-06-29 01:50:03.957 +03:00 [DBG] Configuring DbContext options...
2025-06-29 01:50:03.958 +03:00 [DBG] Using SQL Server connection string: Server=DESKTOP-IUUECT7;Database=Inventory;Integrated Security=True;TrustServerCertificate=True;
2025-06-29 01:50:30.466 +03:00 [DBG] Configuring DbContext options...
2025-06-29 01:50:30.466 +03:00 [DBG] Using SQL Server connection string: Server=DESKTOP-IUUECT7;Database=Inventory;Integrated Security=True;TrustServerCertificate=True;
2025-06-29 01:50:32.023 +03:00 [DBG] Configuring DbContext options...
2025-06-29 01:50:32.023 +03:00 [DBG] Using SQL Server connection string: Server=DESKTOP-IUUECT7;Database=Inventory;Integrated Security=True;TrustServerCertificate=True;
2025-06-29 01:50:40.531 +03:00 [DBG] Configuring DbContext options...
2025-06-29 01:50:40.531 +03:00 [DBG] Using SQL Server connection string: Server=DESKTOP-IUUECT7;Database=Inventory;Integrated Security=True;TrustServerCertificate=True;
